<?xml version="1.0" encoding="UTF-8"?>
<testsuites>
  <testsuite name="consoleSEL.ROCGEN" tests="1" failures="1" errors="0" time="8.67" package="consoleSEL" id="1">
    <properties>
[...]
</properties>
    <testcase name="CasOK(IDB-detail,dossier)" time="8.67">
      <failure type="Failing due to failed test step" message="Failing due to failed test step"><![CDATA[<h3><b>Verifier dossier ConsoleSel Failed</b></h3><pre>org.postgresql.util.PSQLException: Le type d'authentification 10 n'est pas supporté. Vérifiez que vous avez configuré le fichier pg_hba.conf pour inclure l'adresse IP du client ou le sous-réseau et qu'il utilise un schéma d'authentification supporté par le pilote.
[Check for existence of [DOSSIER.ID]] null/empty response body
[Match content of [DOSSIER.NUM_AMC]] null/empty response body
[Match content of [DOSSIER.NUM_ADH]] null/empty response body
[Match content of [DOSSIER.RANG_NAISSANCE]] null/empty response body
[Match content of [DOSSIER.NOM_PS_ETS]] null/empty response body
[Match content of [DOSSIER.TYPE]] null/empty response body
[Check for existence of [DOSSIER.DATE_CREATION_AUDIT]] null/empty response body
[Check for existence of [DOSSIER.USER_CREATION_AUDIT]] null/empty response body
[Check for existence of [DOSSIER.DATE_MODIFICATION_AUDIT]] null/empty response body
[Check for existence of [DOSSIER.DATE_RECEPTION]] null/empty response body
[Check for existence of [DOSSIER.DATE_EMISSION]] null/empty response body
[Match content of [DOSSIER.DATE_NAISSANCE]] null/empty response body
[Match content of [DOSSIER.DOMAINE]] null/empty response body
[Match content of [DOSSIER.CONTEXTE]] null/empty response body
[Match content of [DOSSIER.NUM_PS]] null/empty response body
[Check for existence of [DOSSIER.DATE_ARCHIVE]] null/empty response body
[Match content of [DOSSIER.ID_PERIODE_FACT]] null/empty response body
[Match content of [DOSSIER.OCC_ID]] null/empty response body
[Match content of [DOSSIER.NUM_FINESS]] null/empty response body
[Match content of [DOSSIER.NUM_PS]] null/empty response body
Status: FAIL
Time Taken: 399
Size: 0
Timestamp: Tue Dec 27 15:09:35 CET 2022
TestStep: Verifier dossier ConsoleSel

----------------- Messages ------------------------------
org.postgresql.util.PSQLException: Le type d&apos;authentification 10 n&apos;est pas supporté. Vérifiez que vous avez configuré le fichier pg_hba.conf pour inclure l&apos;adresse IP du client ou le sous-réseau et qu&apos;il utilise un schéma d&apos;authentification supporté par le pilote.
[Check for existence of [DOSSIER.ID]] null/empty response body
[Match content of [DOSSIER.NUM_AMC]] null/empty response body
[Match content of [DOSSIER.NUM_ADH]] null/empty response body
[Match content of [DOSSIER.RANG_NAISSANCE]] null/empty response body
[Match content of [DOSSIER.NOM_PS_ETS]] null/empty response body
[Match content of [DOSSIER.TYPE]] null/empty response body
[Check for existence of [DOSSIER.DATE_CREATION_AUDIT]] null/empty response body
[Check for existence of [DOSSIER.USER_CREATION_AUDIT]] null/empty response body
[Check for existence of [DOSSIER.DATE_MODIFICATION_AUDIT]] null/empty response body
[Check for existence of [DOSSIER.DATE_RECEPTION]] null/empty response body
[Check for existence of [DOSSIER.DATE_EMISSION]] null/empty response body
[Match content of [DOSSIER.DATE_NAISSANCE]] null/empty response body
[Match content of [DOSSIER.DOMAINE]] null/empty response body
[Match content of [DOSSIER.CONTEXTE]] null/empty response body
[Match content of [DOSSIER.NUM_PS]] null/empty response body
[Check for existence of [DOSSIER.DATE_ARCHIVE]] null/empty response body
[Match content of [DOSSIER.ID_PERIODE_FACT]] null/empty response body
[Match content of [DOSSIER.OCC_ID]] null/empty response body
[Match content of [DOSSIER.NUM_FINESS]] null/empty response body
[Match content of [DOSSIER.NUM_PS]] null/empty response body
</pre><hr/><h3><b>Verifier detail ConsoleSel Failed</b></h3><pre>org.postgresql.util.PSQLException: Le type d'authentification 10 n'est pas supporté. Vérifiez que vous avez configuré le fichier pg_hba.conf pour inclure l'adresse IP du client ou le sous-réseau et qu'il utilise un schéma d'authentification supporté par le pilote.
[Check for existence of [DETAIL.DATE_ARCHIVE]] null/empty response body
[Match content of [DETAIL.NORME]] null/empty response body
[Match content of [DETAIL.VERSION_NORME]] null/empty response body
[Match content of [DETAIL.ID]] null/empty response body
Status: FAIL
Time Taken: 193
Size: 0
Timestamp: Tue Dec 27 15:09:35 CET 2022
TestStep: Verifier detail ConsoleSel

----------------- Messages ------------------------------
org.postgresql.util.PSQLException: Le type d&apos;authentification 10 n&apos;est pas supporté. Vérifiez que vous avez configuré le fichier pg_hba.conf pour inclure l&apos;adresse IP du client ou le sous-réseau et qu&apos;il utilise un schéma d&apos;authentification supporté par le pilote.
[Check for existence of [DETAIL.DATE_ARCHIVE]] null/empty response body
[Match content of [DETAIL.NORME]] null/empty response body
[Match content of [DETAIL.VERSION_NORME]] null/empty response body
[Match content of [DETAIL.ID]] null/empty response body
</pre><hr/><h3><b>REST ConsultationDossiers Failed</b></h3><pre>[Match content of [nirOdr]] Comparison failed. Path: [$['resultats'][0]['nirOdr']]; Expected value: [190113177788872]; Actual value: [].
[Match content of [nirBeneficiaire]] Comparison failed. Path: [$['resultats'][0]['nirBeneficiaire']]; Expected value: [190113177788872]; Actual value: [].
[Match content of [nomBeneficiaire]] Comparison failed. Path: [$['resultats'][0]['nomBeneficiaire']]; Expected value: [Laporte]; Actual value: [].
[Match content of [prenomBeneficiaire]] Comparison failed. Path: [$['resultats'][0]['prenomBeneficiaire']]; Expected value: [Nina]; Actual value: [].
[Match content of [dateNaissance]] Comparison failed. Path: [$['resultats'][0]['dateNaissance']]; Expected value: [2011-11-11]; Actual value: [].
[Match content of [rangNaissance]] Comparison failed. Path: [$['resultats'][0]['rangNaissance']]; Expected value: [1]; Actual value: [].
[Match content of [numAmc]] Comparison failed. Path: [$['resultats'][0]['numAmc']]; Expected value: [0311799000]; Actual value: [].
[Match content of [typeSEL]] Comparison failed. Path: [$['resultats'][0]['typeSEL']]; Expected value: [DROITS]; Actual value: [].
[Match content of [idPeriodeFact]] Comparison failed. Path: [$['resultats'][0]['idPeriodeFact']]; Expected value: [3232324564222233441111]; Actual value: [].
Status: FAIL
Time Taken: 467
Size: 9
Timestamp: Tue Dec 27 15:09:35 CET 2022
TestStep: REST ConsultationDossiers

----------------- Messages ------------------------------
[Match content of [nirOdr]] Comparison failed. Path: [$[&apos;resultats&apos;][0][&apos;nirOdr&apos;]]; Expected value: [190113177788872]; Actual value: [].
[Match content of [nirBeneficiaire]] Comparison failed. Path: [$[&apos;resultats&apos;][0][&apos;nirBeneficiaire&apos;]]; Expected value: [190113177788872]; Actual value: [].
[Match content of [nomBeneficiaire]] Comparison failed. Path: [$[&apos;resultats&apos;][0][&apos;nomBeneficiaire&apos;]]; Expected value: [Laporte]; Actual value: [].
[Match content of [prenomBeneficiaire]] Comparison failed. Path: [$[&apos;resultats&apos;][0][&apos;prenomBeneficiaire&apos;]]; Expected value: [Nina]; Actual value: [].
[Match content of [dateNaissance]] Comparison failed. Path: [$[&apos;resultats&apos;][0][&apos;dateNaissance&apos;]]; Expected value: [2011-11-11]; Actual value: [].
[Match content of [rangNaissance]] Comparison failed. Path: [$[&apos;resultats&apos;][0][&apos;rangNaissance&apos;]]; Expected value: [1]; Actual value: [].
[Match content of [numAmc]] Comparison failed. Path: [$[&apos;resultats&apos;][0][&apos;numAmc&apos;]]; Expected value: [0311799000]; Actual value: [].
[Match content of [typeSEL]] Comparison failed. Path: [$[&apos;resultats&apos;][0][&apos;typeSEL&apos;]]; Expected value: [DROITS]; Actual value: [].
[Match content of [idPeriodeFact]] Comparison failed. Path: [$[&apos;resultats&apos;][0][&apos;idPeriodeFact&apos;]]; Expected value: [3232324564222233441111]; Actual value: [].

----------------- Properties ------------------------------
HTTP Version: HTTP/1.1
Endpoint: https://console-sel-c7.cetip.xxxx.cloud
Encoding: UTF-8
Method: GET
StatusCode: 415
URL: https://console-sel-c7.cetip.xxxx.cloud/wa-console/services/consoleServices/consultationDossiers

---------------- Request ---------------------------
Connection: [Keep-Alive]
User-Agent: [Apache-HttpClient/4.5.2 (Java/14.0.2)]
Host: [console-sel-c7.cetip.xxxx.cloud]
Accept-Encoding: [gzip,deflate]
Content-Length: [0]

GET https://console-sel-c7.cetip.xxxx.cloud/wa-console/services/consoleServices/consultationDossiers HTTP/1.1
Accept-Encoding: gzip,deflate
Content-Length: 0
Host: console-sel-c7.cetip.xxxx.cloud
Connection: Keep-Alive
User-Agent: Apache-HttpClient/4.5.2 (Java/14.0.2)


---------------- Response --------------------------
Keep-Alive: [timeout=5, max=100]
Strict-Transport-Security: [max-age=31536000; includeSubDomains]
Accept: [application/json]
Connection: [Keep-Alive]
Set-Cookie: [BIGipServerPOOL-CONSOLE-SEL-C7.CETIP.xxxx.CLOUD-HTTP=!9SXFuRzJxh0m3IbwZS0XyzTcZwh3iffqHgxmHv+kBRoX75zh6d5hakfQKVpRzahnGePKQYJV/O7RxNHwxHQyJTJ0BKA=; path=/; Httponly; Secure]
#status#: [HTTP/1.1 415 ]
Content-Length: [9]
Date: [Tue, 27 Dec 2022 14:09:36 GMT]

415 ERROR
</pre><hr/><h3><b>REST DetailDossier Failed</b></h3><pre>[Match content of [informationsOdr]] Comparison failed. Path: [$['resultats'][0]['beneficiaire']['informationsOdr']]; Expected value: [{"nirOdr":"1901131777888","cleOdr":"72","nomOdr":"Laporte","prenomOdr":"Nina"}]; Actual value: [].
[Match content of [informationsBs]] Comparison failed. Path: [$['resultats'][0]['beneficiaire']['informationsBs']]; Expected value: [{"nirBeneficiaire":"1901131777888","cleBeneficiaire":"72","nomBeneficiaire":"Laporte","prenomBeneficiaire":"Nina","dateNaissance":"2011-11-11","rangNaissance":1}]; Actual value: [].
[Match content of [codeRegimeAmo]] Comparison failed. Path: [$['resultats'][0]['beneficiaire']['codeRegimeAmo']]; Expected value: [01]; Actual value: [].
[Match content of [codeCentreAmo]] Comparison failed. Path: [$['resultats'][0]['beneficiaire']['codeCentreAmo']]; Expected value: [0000]; Actual value: [].
[Match content of [codeCaisseAmo]] Comparison failed. Path: [$['resultats'][0]['beneficiaire']['codeCaisseAmo']]; Expected value: [711]; Actual value: [].
[Match content of [numAdh]] Comparison failed. Path: [$['resultats'][0]['beneficiaire']['numAdh']]; Expected value: [RBS00001]; Actual value: [].
[Match content of [numPatient]] Comparison failed. Path: [$['resultats'][0]['beneficiaire']['numPatient']]; Expected value: [234583]; Actual value: [].
[Match content of [numDossier]] Comparison failed. Path: [$['resultats'][0]['beneficiaire']['numDossier']]; Expected value: [123474]; Actual value: [].
[Match content of [contact]] Comparison failed. Path: [$['resultats'][0]['demandeur']['contact']]; Expected value: [{"nom":"ContactES5AMC","email":"es@amc.com","tel":"0203044550"}]; Actual value: [].
[Match content of [contact]] Comparison failed. Path: [$['resultats'][0]['beneficiaire']['contact']]; Expected value: [{"email":"contactBS","tel":"0634"}]; Actual value: [].
[Match content of [nom]] Comparison failed. Path: [$['resultats'][0]['demandeur']['nom']]; Expected value: [ETS PNL 01]; Actual value: [].
[Match content of [numFinessGeo]] Comparison failed. Path: [$['resultats'][0]['demandeur']['numFinessGeo']]; Expected value: [010000180]; Actual value: [].
[Match content of [numFinessJur]] Comparison failed. Path: [$['resultats'][0]['demandeur']['numFinessJur']]; Expected value: [010007987]; Actual value: [].
[Match content of [statutJur]] Comparison failed. Path: [$['resultats'][0]['demandeur']['statutJur']]; Expected value: [65]; Actual value: [].
[Match content of [numFact]] Comparison failed. Path: [$['resultats'][0]['demandeur']['numFact']]; Expected value: [010007987010000180]; Actual value: [].
[Match content of [domaine]] Comparison failed. Path: [$['resultats'][0]['demandeur']['domaine']]; Expected value: [HOSP]; Actual value: [].
[Match content of [categorie]] Comparison failed. Path: [$['resultats'][0]['demandeur']['categorie']]; Expected value: [131]; Actual value: [].
[Match content of [contact]] Comparison failed. Path: [$['resultats'][0]['demandeur']['contact']]; Expected value: [{"nom":"ContactES5AMC","email":"es@amc.com","tel":"0203044550"}]; Actual value: [].
[Match content of [numAmc]] Comparison failed. Path: [$['resultats'][0]['amc']['numAmc']]; Expected value: [311799000]; Actual value: [].
[Match content of [contactBs]] Comparison failed. Path: [$['resultats'][0]['amc']['contactBs']]; Expected value: [{"nom":"ADREA Mutuelle BS","email":"adrea.bs@gmail.com","tel":"0125564587"}]; Actual value: [].
[Match content of [dateDebutCouverture]] Comparison failed. Path: [$['resultats'][0]['contrat']['dateDebutCouverture']]; Expected value: [2022-12-27]; Actual value: [].
Status: FAIL
Time Taken: 56
Size: 9
Timestamp: Tue Dec 27 15:09:36 CET 2022
TestStep: REST DetailDossier

----------------- Messages ------------------------------
[Match content of [informationsOdr]] Comparison failed. Path: [$[&apos;resultats&apos;][0][&apos;beneficiaire&apos;][&apos;informationsOdr&apos;]]; Expected value: [{&quot;nirOdr&quot;:&quot;1901131777888&quot;,&quot;cleOdr&quot;:&quot;72&quot;,&quot;nomOdr&quot;:&quot;Laporte&quot;,&quot;prenomOdr&quot;:&quot;Nina&quot;}]; Actual value: [].
[Match content of [informationsBs]] Comparison failed. Path: [$[&apos;resultats&apos;][0][&apos;beneficiaire&apos;][&apos;informationsBs&apos;]]; Expected value: [{&quot;nirBeneficiaire&quot;:&quot;1901131777888&quot;,&quot;cleBeneficiaire&quot;:&quot;72&quot;,&quot;nomBeneficiaire&quot;:&quot;Laporte&quot;,&quot;prenomBeneficiaire&quot;:&quot;Nina&quot;,&quot;dateNaissance&quot;:&quot;2011-11-11&quot;,&quot;rangNaissance&quot;:1}]; Actual value: [].
[Match content of [codeRegimeAmo]] Comparison failed. Path: [$[&apos;resultats&apos;][0][&apos;beneficiaire&apos;][&apos;codeRegimeAmo&apos;]]; Expected value: [01]; Actual value: [].
[Match content of [codeCentreAmo]] Comparison failed. Path: [$[&apos;resultats&apos;][0][&apos;beneficiaire&apos;][&apos;codeCentreAmo&apos;]]; Expected value: [0000]; Actual value: [].
[Match content of [codeCaisseAmo]] Comparison failed. Path: [$[&apos;resultats&apos;][0][&apos;beneficiaire&apos;][&apos;codeCaisseAmo&apos;]]; Expected value: [711]; Actual value: [].
[Match content of [numAdh]] Comparison failed. Path: [$[&apos;resultats&apos;][0][&apos;beneficiaire&apos;][&apos;numAdh&apos;]]; Expected value: [RBS00001]; Actual value: [].
[Match content of [numPatient]] Comparison failed. Path: [$[&apos;resultats&apos;][0][&apos;beneficiaire&apos;][&apos;numPatient&apos;]]; Expected value: [234583]; Actual value: [].
[Match content of [numDossier]] Comparison failed. Path: [$[&apos;resultats&apos;][0][&apos;beneficiaire&apos;][&apos;numDossier&apos;]]; Expected value: [123474]; Actual value: [].
[Match content of [contact]] Comparison failed. Path: [$[&apos;resultats&apos;][0][&apos;demandeur&apos;][&apos;contact&apos;]]; Expected value: [{&quot;nom&quot;:&quot;ContactES5AMC&quot;,&quot;email&quot;:&quot;es@amc.com&quot;,&quot;tel&quot;:&quot;0203044550&quot;}]; Actual value: [].
[Match content of [contact]] Comparison failed. Path: [$[&apos;resultats&apos;][0][&apos;beneficiaire&apos;][&apos;contact&apos;]]; Expected value: [{&quot;email&quot;:&quot;contactBS&quot;,&quot;tel&quot;:&quot;0634&quot;}]; Actual value: [].
[Match content of [nom]] Comparison failed. Path: [$[&apos;resultats&apos;][0][&apos;demandeur&apos;][&apos;nom&apos;]]; Expected value: [ETS PNL 01]; Actual value: [].
[Match content of [numFinessGeo]] Comparison failed. Path: [$[&apos;resultats&apos;][0][&apos;demandeur&apos;][&apos;numFinessGeo&apos;]]; Expected value: [010000180]; Actual value: [].
[Match content of [numFinessJur]] Comparison failed. Path: [$[&apos;resultats&apos;][0][&apos;demandeur&apos;][&apos;numFinessJur&apos;]]; Expected value: [010007987]; Actual value: [].
[Match content of [statutJur]] Comparison failed. Path: [$[&apos;resultats&apos;][0][&apos;demandeur&apos;][&apos;statutJur&apos;]]; Expected value: [65]; Actual value: [].
[Match content of [numFact]] Comparison failed. Path: [$[&apos;resultats&apos;][0][&apos;demandeur&apos;][&apos;numFact&apos;]]; Expected value: [010007987010000180]; Actual value: [].
[Match content of [domaine]] Comparison failed. Path: [$[&apos;resultats&apos;][0][&apos;demandeur&apos;][&apos;domaine&apos;]]; Expected value: [HOSP]; Actual value: [].
[Match content of [categorie]] Comparison failed. Path: [$[&apos;resultats&apos;][0][&apos;demandeur&apos;][&apos;categorie&apos;]]; Expected value: [131]; Actual value: [].
[Match content of [contact]] Comparison failed. Path: [$[&apos;resultats&apos;][0][&apos;demandeur&apos;][&apos;contact&apos;]]; Expected value: [{&quot;nom&quot;:&quot;ContactES5AMC&quot;,&quot;email&quot;:&quot;es@amc.com&quot;,&quot;tel&quot;:&quot;0203044550&quot;}]; Actual value: [].
[Match content of [numAmc]] Comparison failed. Path: [$[&apos;resultats&apos;][0][&apos;amc&apos;][&apos;numAmc&apos;]]; Expected value: [311799000]; Actual value: [].
[Match content of [contactBs]] Comparison failed. Path: [$[&apos;resultats&apos;][0][&apos;amc&apos;][&apos;contactBs&apos;]]; Expected value: [{&quot;nom&quot;:&quot;ADREA Mutuelle BS&quot;,&quot;email&quot;:&quot;adrea.bs@gmail.com&quot;,&quot;tel&quot;:&quot;0125564587&quot;}]; Actual value: [].
[Match content of [dateDebutCouverture]] Comparison failed. Path: [$[&apos;resultats&apos;][0][&apos;contrat&apos;][&apos;dateDebutCouverture&apos;]]; Expected value: [2022-12-27]; Actual value: [].

----------------- Properties ------------------------------
HTTP Version: HTTP/1.1
Endpoint: https://console-sel-c7.cetip.xxxx.cloud
Encoding: UTF-8
Method: GET
StatusCode: 415
URL: https://console-sel-c7.cetip.xxxx.cloud/wa-console/services/consoleServices/detailDossier

---------------- Request ---------------------------
Connection: [Keep-Alive]
User-Agent: [Apache-HttpClient/4.5.2 (Java/14.0.2)]
Host: [console-sel-c7.cetip.xxxx.cloud]
Accept-Encoding: [gzip,deflate]
Content-Length: [0]

GET https://console-sel-c7.cetip.xxxx.cloud/wa-console/services/consoleServices/detailDossier HTTP/1.1
Accept-Encoding: gzip,deflate
Content-Length: 0
Host: console-sel-c7.cetip.xxxx.cloud
Connection: Keep-Alive
User-Agent: Apache-HttpClient/4.5.2 (Java/14.0.2)


---------------- Response --------------------------
Keep-Alive: [timeout=5, max=100]
Strict-Transport-Security: [max-age=31536000; includeSubDomains]
Accept: [application/json]
Connection: [Keep-Alive]
Set-Cookie: [BIGipServerPOOL-CONSOLE-SEL-C7.CETIP.xxxx.CLOUD-HTTP=!EJaT2HMoPaUn5abwZS0XyzTcZwh3ibXYrCGEUw8EjOdWYDfEM6Vi9LDR7lX+qyyZ7AD4TePo67zwj7Vjix2Q0mj5Qh4=; path=/; Httponly; Secure]
#status#: [HTTP/1.1 415 ]
Content-Length: [9]
Date: [Tue, 27 Dec 2022 14:09:36 GMT]

415 ERROR
</pre><hr/>]]></failure>
    </testcase>
  </testsuite>
</testsuites>